This is pdfTeX, Version 3.1415926-2.5-1.40.14 (TeX Live 2013/Debian) (format=pdflatex 2016.4.28)  16 MAY 2017 08:20
entering extended mode
 restricted \write18 enabled.
 %&-line parsing enabled.
**main.tex
(./main.tex
LaTeX2e <2011/06/27>
Babel <3.9h> and hyphenation patterns for 4 languages loaded.
(/usr/share/texlive/texmf-dist/tex/latex/base/report.cls
Document Class: report 2007/10/19 v1.4h Standard LaTeX document class
(/usr/share/texlive/texmf-dist/tex/latex/base/size12.clo
File: size12.clo 2007/10/19 v1.4h Standard LaTeX file (size option)
)
\c@part=\count79
\c@chapter=\count80
\c@section=\count81
\c@subsection=\count82
\c@subsubsection=\count83
\c@paragraph=\count84
\c@subparagraph=\count85
\c@figure=\count86
\c@table=\count87
\abovecaptionskip=\skip41
\belowcaptionskip=\skip42
\bibindent=\dimen102
)
(/usr/share/texlive/texmf-dist/tex/latex/cite/cite.sty
LaTeX Info: Redefining \cite on input line 302.
LaTeX Info: Redefining \nocite on input line 373.
Package: cite 2010/09/10  v 5.3
)
(/usr/share/texlive/texmf-dist/tex/latex/amsmath/amsmath.sty
Package: amsmath 2013/01/14 v2.14 AMS math features
\@mathmargin=\skip43

For additional information on amsmath, use the `?' option.
(/usr/share/texlive/texmf-dist/tex/latex/amsmath/amstext.sty
Package: amstext 2000/06/29 v2.01

(/usr/share/texlive/texmf-dist/tex/latex/amsmath/amsgen.sty
File: amsgen.sty 1999/11/30 v2.0
\@emptytoks=\toks14
\ex@=\dimen103
))
(/usr/share/texlive/texmf-dist/tex/latex/amsmath/amsbsy.sty
Package: amsbsy 1999/11/29 v1.2d
\pmbraise@=\dimen104
)
(/usr/share/texlive/texmf-dist/tex/latex/amsmath/amsopn.sty
Package: amsopn 1999/12/14 v2.01 operator names
)
\inf@bad=\count88
LaTeX Info: Redefining \frac on input line 210.
\uproot@=\count89
\leftroot@=\count90
LaTeX Info: Redefining \overline on input line 306.
\classnum@=\count91
\DOTSCASE@=\count92
LaTeX Info: Redefining \ldots on input line 378.
LaTeX Info: Redefining \dots on input line 381.
LaTeX Info: Redefining \cdots on input line 466.
\Mathstrutbox@=\box26
\strutbox@=\box27
\big@size=\dimen105
LaTeX Font Info:    Redeclaring font encoding OML on input line 566.
LaTeX Font Info:    Redeclaring font encoding OMS on input line 567.
\macc@depth=\count93
\c@MaxMatrixCols=\count94
\dotsspace@=\muskip10
\c@parentequation=\count95
\dspbrk@lvl=\count96
\tag@help=\toks15
\row@=\count97
\column@=\count98
\maxfields@=\count99
\andhelp@=\toks16
\eqnshift@=\dimen106
\alignsep@=\dimen107
\tagshift@=\dimen108
\tagwidth@=\dimen109
\totwidth@=\dimen110
\lineht@=\dimen111
\@envbody=\toks17
\multlinegap=\skip44
\multlinetaggap=\skip45
\mathdisplay@stack=\toks18
LaTeX Info: Redefining \[ on input line 2665.
LaTeX Info: Redefining \] on input line 2666.
)
(/usr/share/texlive/texmf-dist/tex/latex/amsfonts/amssymb.sty
Package: amssymb 2013/01/14 v3.01 AMS font symbols

(/usr/share/texlive/texmf-dist/tex/latex/amsfonts/amsfonts.sty
Package: amsfonts 2013/01/14 v3.01 Basic AMSFonts support
\symAMSa=\mathgroup4
\symAMSb=\mathgroup5
LaTeX Font Info:    Overwriting math alphabet `\mathfrak' in version `bold'
(Font)                  U/euf/m/n --> U/euf/b/n on input line 106.
))
(/usr/share/texlive/texmf-dist/tex/latex/framed/framed.sty
Package: framed 2011/10/22 v 0.96: framed or shaded text with page breaks
\OuterFrameSep=\skip46
\fb@frw=\dimen112
\fb@frh=\dimen113
\FrameRule=\dimen114
\FrameSep=\dimen115
)
(/usr/share/texlive/texmf-dist/tex/latex/graphics/graphicx.sty
Package: graphicx 1999/02/16 v1.0f Enhanced LaTeX Graphics (DPC,SPQR)

(/usr/share/texlive/texmf-dist/tex/latex/graphics/keyval.sty
Package: keyval 1999/03/16 v1.13 key=value parser (DPC)
\KV@toks@=\toks19
)
(/usr/share/texlive/texmf-dist/tex/latex/graphics/graphics.sty
Package: graphics 2009/02/05 v1.0o Standard LaTeX Graphics (DPC,SPQR)

(/usr/share/texlive/texmf-dist/tex/latex/graphics/trig.sty
Package: trig 1999/03/16 v1.09 sin cos tan (DPC)
)
(/usr/share/texlive/texmf-dist/tex/latex/latexconfig/graphics.cfg
File: graphics.cfg 2010/04/23 v1.9 graphics configuration of TeX Live
)
Package graphics Info: Driver file: pdftex.def on input line 91.

(/usr/share/texlive/texmf-dist/tex/latex/pdftex-def/pdftex.def
File: pdftex.def 2011/05/27 v0.06d Graphics/color for pdfTeX

(/usr/share/texlive/texmf-dist/tex/generic/oberdiek/infwarerr.sty
Package: infwarerr 2010/04/08 v1.3 Providing info/warning/error messages (HO)
)
(/usr/share/texlive/texmf-dist/tex/generic/oberdiek/ltxcmds.sty
Package: ltxcmds 2011/11/09 v1.22 LaTeX kernel commands for general use (HO)
)
\Gread@gobject=\count100
))
\Gin@req@height=\dimen116
\Gin@req@width=\dimen117
)
(/usr/share/texlive/texmf-dist/tex/latex/float/float.sty
Package: float 2001/11/08 v1.3d Float enhancements (AL)
\c@float@type=\count101
\float@exts=\toks20
\float@box=\box28
\@float@everytoks=\toks21
\@floatcapt=\box29
)
(/usr/share/texlive/texmf-dist/tex/latex/graphics/epsfig.sty
Package: epsfig 1999/02/16 v1.7a (e)psfig emulation (SPQR)
\epsfxsize=\dimen118
\epsfysize=\dimen119
)
(/usr/share/texlive/texmf-dist/tex/latex/subfigure/subfigure.sty
Package: subfigure 2002/03/15 v2.1.5 subfigure package
\subfigtopskip=\skip47
\subfigcapskip=\skip48
\subfigcaptopadj=\dimen120
\subfigbottomskip=\skip49
\subfigcapmargin=\dimen121
\subfiglabelskip=\skip50
\c@subfigure=\count102
\c@lofdepth=\count103
\c@subtable=\count104
\c@lotdepth=\count105

****************************************
* Local config file subfigure.cfg used *
****************************************
(/usr/share/texlive/texmf-dist/tex/latex/subfigure/subfigure.cfg)
\subfig@top=\skip51
\subfig@bottom=\skip52
)
(/usr/share/texlive/texmf-dist/tex/latex/url/url.sty
\Urlmuskip=\muskip11
Package: url 2013/09/16  ver 3.4  Verb mode for urls, etc.
)
(/usr/share/texlive/texmf-dist/tex/latex/comment/comment.sty
\CommentStream=\write3

Excluding comment 'comment')
(/usr/share/texlive/texmf-dist/tex/latex/graphics/color.sty
Package: color 2005/11/14 v1.0j Standard LaTeX Color (DPC)

(/usr/share/texlive/texmf-dist/tex/latex/latexconfig/color.cfg
File: color.cfg 2007/01/18 v1.5 color configuration of teTeX/TeXLive
)
Package color Info: Driver file: pdftex.def on input line 130.
)
(./algorithm2e.sty
Package: algorithm2e 2013/01/06 v5.00 algorithms environments
\c@AlgoLine=\count106
 (/usr/share/texlive/texmf-dist/tex/latex/base/ifthen.sty
Package: ifthen 2001/05/26 v1.1c Standard LaTeX ifthen package (DPC)
)
\algocf@hangindent=\skip53

(/usr/share/texlive/texmf-dist/tex/latex/tools/xspace.sty
Package: xspace 2009/10/20 v1.13 Space after command names (DPC,MH)
)
(/usr/share/texlive/texmf-dist/tex/latex/relsize/relsize.sty
Package: relsize 2013/03/29 ver 4.1
)
********************************************************
Package `algorithm2e' Release 5.1 -- october 19 2015 --
- algorithm2e-announce@lirmm.fr mailing list for announcement about releases
- algorithm2e-discussion@lirmm.fr mailing list for discussion about package
subscribe by emailing sympa@lirmm.fr with 'subscribe <list> <firstname name>'
- Author: Christophe Fiorio (christophe.fiorio@umontpellier.fr)
********************************************************
\skiptotal=\skip54
\skiplinenumber=\skip55
\skiprule=\skip56
\skiphlne=\skip57
\skiptext=\skip58
\skiplength=\skip59
\algomargin=\skip60
\skipalgocfslide=\skip61
\algowidth=\dimen122
\inoutsize=\dimen123
\inoutindent=\dimen124
\interspacetitleruled=\dimen125
\interspacealgoruled=\dimen126
\interspacetitleboxruled=\dimen127
\algocf@ruledwidth=\skip62
\algocf@inoutbox=\box30
\algocf@inputbox=\box31
\AlCapSkip=\skip63
\AlCapHSkip=\skip64
\algoskipindent=\skip65
\algocf@nlbox=\box32
\algocf@hangingbox=\box33
\algocf@untilbox=\box34
\algocf@skipuntil=\skip66
\algocf@capbox=\box35
\algoheightruledefault=\skip67
\algoheightrule=\skip68
\algotitleheightruledefault=\skip69
\algotitleheightrule=\skip70
\c@algocfline=\count107
\c@algocfproc=\count108
\c@algocf=\count109
\algocf@algoframe=\box36
\algocf@algobox=\box37
) (/usr/share/texlive/texmf-dist/tex/latex/glossaries/base/glossaries.sty
Package: glossaries 2014/01/20 v4.03 (NLCT)

(/usr/share/texlive/texmf-dist/tex/latex/xkeyval/xkeyval.sty
Package: xkeyval 2012/10/14 v2.6b package option processing (HA)

(/usr/share/texlive/texmf-dist/tex/generic/xkeyval/xkeyval.tex
\XKV@toks=\toks22
\XKV@tempa@toks=\toks23
\XKV@depth=\count110
File: xkeyval.tex 2012/10/14 v2.6b key=value parser (HA)
))
(/usr/share/texlive/texmf-dist/tex/latex/glossaries/base/mfirstuc.sty
Package: mfirstuc 2013/11/04 v1.08 (NLCT)

(/usr/share/texlive/texmf-dist/tex/latex/etoolbox/etoolbox.sty
Package: etoolbox 2011/01/03 v2.1 e-TeX tools for LaTeX

(/usr/share/texlive/texmf-dist/tex/latex/etex-pkg/etex.sty
Package: etex 1998/03/26 v2.0 eTeX basic definition package (PEB)
\et@xins=\count111
)
\etb@tempcnta=\count112
)
\@glsmfirst=\toks24
\@glsmrest=\toks25
)
(/usr/share/texlive/texmf-dist/tex/latex/textcase/textcase.sty
Package: textcase 2004/10/07 v0.07 Text only upper/lower case changing (DPC)
)
(/usr/share/texlive/texmf-dist/tex/latex/xfor/xfor.sty
Package: xfor 2009/02/05 v1.05 (NLCT)
)
(/usr/share/texlive/texmf-dist/tex/latex/datatool/datatool-base.sty
Package: datatool-base 2013/09/06 v2.18 (NLCT)

(/usr/share/texlive/texmf-dist/tex/latex/substr/substr.sty
Package: substr 2009/10/20 v1.2 Handle substrings
\c@su@anzahl=\count113
)
(/usr/share/texlive/texmf-dist/tex/latex/datatool/datatool-fp.sty
Package: datatool-fp 2013/08/29 v2.17 (NLCT)

(/usr/share/texlive/texmf-dist/tex/latex/fp/fp.sty
Package: fp 1995/04/02

`Fixed Point Package', Version 0.8, April 2, 1995 (C) Michael Mehlich
(/usr/share/texlive/texmf-dist/tex/latex/fp/defpattern.sty
Package: defpattern 1994/10/12
\actioncount=\count114
)
(/usr/share/texlive/texmf-dist/tex/latex/fp/fp-basic.sty
Package: fp-basic 1996/05/13
\FP@xs=\count115
\FP@xia=\count116
\FP@xib=\count117
\FP@xfa=\count118
\FP@xfb=\count119
\FP@rega=\count120
\FP@regb=\count121
\FP@regs=\count122
\FP@times=\count123
)
(/usr/share/texlive/texmf-dist/tex/latex/fp/fp-addons.sty
Package: fp-addons 1995/03/15
)
(/usr/share/texlive/texmf-dist/tex/latex/fp/fp-snap.sty
Package: fp-snap 1995/04/05
)
(/usr/share/texlive/texmf-dist/tex/latex/fp/fp-exp.sty
Package: fp-exp 1995/04/03
)
(/usr/share/texlive/texmf-dist/tex/latex/fp/fp-trigo.sty
Package: fp-trigo 1995/04/14
)
(/usr/share/texlive/texmf-dist/tex/latex/fp/fp-pas.sty
Package: fp-pas 1994/08/29
)
(/usr/share/texlive/texmf-dist/tex/latex/fp/fp-random.sty
Package: fp-random 1995/02/23
\FPseed=\count124
)
(/usr/share/texlive/texmf-dist/tex/latex/fp/fp-eqn.sty
Package: fp-eqn 1995/04/03
)
(/usr/share/texlive/texmf-dist/tex/latex/fp/fp-upn.sty
Package: fp-upn 1996/10/21
)
(/usr/share/texlive/texmf-dist/tex/latex/fp/fp-eval.sty
Package: fp-eval 1995/04/03
)))
\@dtl@toks=\toks26
\@dtl@tmpcount=\count125
\dtl@tmplength=\skip71
\dtl@sortresult=\count126
\@dtl@numgrpsepcount=\count127
\@dtl@datatype=\count128
\dtl@codeA=\count129
\dtl@codeB=\count130
\@dtl@foreach@level=\count131
)
(/usr/share/texlive/texmf-dist/tex/latex/glossaries/base/glossaries-compatible-
307.sty
Package: glossaries-compatible-307 2013/11/14 v4.0 (NLCT)
)
\gls@level=\count132
\@gls@tmpb=\toks27
\gls@tmplen=\skip72
\glswrite=\write4
\glskeylisttok=\toks28
\glslabeltok=\toks29
\glsshorttok=\toks30
\glslongtok=\toks31

(/usr/share/texlive/texmf-dist/tex/latex/glossaries/styles/glossary-hypernav.st
y
Package: glossary-hypernav 2013/11/14 v4.0 (NLCT)
) (/usr/share/texlive/texmf-dist/tex/latex/glossaries/styles/glossary-list.sty
Package: glossary-list 2013/11/14 v4.0 (NLCT)
\glslistdottedwidth=\skip73
) (/usr/share/texlive/texmf-dist/tex/latex/glossaries/styles/glossary-long.sty
Package: glossary-long 2013/11/14 v4.0 (NLCT)

(/usr/share/texlive/texmf-dist/tex/latex/tools/longtable.sty
Package: longtable 2004/02/01 v4.11 Multi-page Table package (DPC)
\LTleft=\skip74
\LTright=\skip75
\LTpre=\skip76
\LTpost=\skip77
\LTchunksize=\count133
\LTcapwidth=\dimen128
\LT@head=\box38
\LT@firsthead=\box39
\LT@foot=\box40
\LT@lastfoot=\box41
\LT@cols=\count134
\LT@rows=\count135
\c@LT@tables=\count136
\c@LT@chunks=\count137
\LT@p@ftn=\toks32
)
\glsdescwidth=\skip78
\glspagelistwidth=\skip79
)
(/usr/share/texlive/texmf-dist/tex/latex/glossaries/styles/glossary-super.sty
Package: glossary-super 2013/11/14 v4.0 (NLCT)

(/usr/share/texlive/texmf-dist/tex/latex/supertabular/supertabular.sty
Package: supertabular 2004/02/20 v4.1e the supertabular environment
\c@tracingst=\count138
\ST@wd=\dimen129
\ST@rightskip=\skip80
\ST@leftskip=\skip81
\ST@parfillskip=\skip82
\ST@pageleft=\dimen130
\ST@headht=\dimen131
\ST@tailht=\dimen132
\ST@pagesofar=\dimen133
\ST@pboxht=\dimen134
\ST@lineht=\dimen135
\ST@stretchht=\dimen136
\ST@prevht=\dimen137
\ST@toadd=\dimen138
\ST@dimen=\dimen139
\ST@pbox=\box42
))
(/usr/share/texlive/texmf-dist/tex/latex/glossaries/styles/glossary-tree.sty
Package: glossary-tree 2013/11/14 v4.0 (NLCT)
\glstreeindent=\skip83
))
\glo@main@file=\write5
\openout5 = `main.glo'.

Package glossaries Info: Writing glossary file main.glo on input line 47.
\glo@acronym@file=\write6
\openout6 = `main.acn'.

Package glossaries Info: Writing glossary file main.acn on input line 47.

(./main.aux)
\openout1 = `main.aux'.

LaTeX Font Info:    Checking defaults for OML/cmm/m/it on input line 50.
LaTeX Font Info:    ... okay on input line 50.
LaTeX Font Info:    Checking defaults for T1/cmr/m/n on input line 50.
LaTeX Font Info:    ... okay on input line 50.
LaTeX Font Info:    Checking defaults for OT1/cmr/m/n on input line 50.
LaTeX Font Info:    ... okay on input line 50.
LaTeX Font Info:    Checking defaults for OMS/cmsy/m/n on input line 50.
LaTeX Font Info:    ... okay on input line 50.
LaTeX Font Info:    Checking defaults for OMX/cmex/m/n on input line 50.
LaTeX Font Info:    ... okay on input line 50.
LaTeX Font Info:    Checking defaults for U/cmr/m/n on input line 50.
LaTeX Font Info:    ... okay on input line 50.
 (/usr/share/texlive/texmf-dist/tex/context/base/supp-pdf.mkii
[Loading MPS to PDF converter (version 2006.09.02).]
\scratchcounter=\count139
\scratchdimen=\dimen140
\scratchbox=\box43
\nofMPsegments=\count140
\nofMParguments=\count141
\everyMPshowfont=\toks33
\MPscratchCnt=\count142
\MPscratchDim=\dimen141
\MPnumerator=\count143
\makeMPintoPDFobject=\count144
\everyMPtoPDFconversion=\toks34
) (/usr/share/texlive/texmf-dist/tex/generic/oberdiek/pdftexcmds.sty
Package: pdftexcmds 2011/11/29 v0.20 Utility functions of pdfTeX for LuaTeX (HO
)

(/usr/share/texlive/texmf-dist/tex/generic/oberdiek/ifluatex.sty
Package: ifluatex 2010/03/01 v1.3 Provides the ifluatex switch (HO)
Package ifluatex Info: LuaTeX not detected.
)
(/usr/share/texlive/texmf-dist/tex/generic/oberdiek/ifpdf.sty
Package: ifpdf 2011/01/30 v2.3 Provides the ifpdf switch (HO)
Package ifpdf Info: pdfTeX in PDF mode is detected.
)
Package pdftexcmds Info: LuaTeX not detected.
Package pdftexcmds Info: \pdf@primitive is available.
Package pdftexcmds Info: \pdf@ifprimitive is available.
Package pdftexcmds Info: \pdfdraftmode found.
)
(/usr/share/texlive/texmf-dist/tex/latex/oberdiek/epstopdf-base.sty
Package: epstopdf-base 2010/02/09 v2.5 Base part for package epstopdf

(/usr/share/texlive/texmf-dist/tex/latex/oberdiek/grfext.sty
Package: grfext 2010/08/19 v1.1 Manage graphics extensions (HO)

(/usr/share/texlive/texmf-dist/tex/generic/oberdiek/kvdefinekeys.sty
Package: kvdefinekeys 2011/04/07 v1.3 Define keys (HO)
))
(/usr/share/texlive/texmf-dist/tex/latex/oberdiek/kvoptions.sty
Package: kvoptions 2011/06/30 v3.11 Key value format for package options (HO)

(/usr/share/texlive/texmf-dist/tex/generic/oberdiek/kvsetkeys.sty
Package: kvsetkeys 2012/04/25 v1.16 Key value parser (HO)

(/usr/share/texlive/texmf-dist/tex/generic/oberdiek/etexcmds.sty
Package: etexcmds 2011/02/16 v1.5 Avoid name clashes with e-TeX commands (HO)
Package etexcmds Info: Could not find \expanded.
(etexcmds)             That can mean that you are not using pdfTeX 1.50 or
(etexcmds)             that some package has redefined \expanded.
(etexcmds)             In the latter case, load this package earlier.
)))
Package grfext Info: Graphics extension search list:
(grfext)             [.png,.pdf,.jpg,.mps,.jpeg,.jbig2,.jb2,.PNG,.PDF,.JPG,.JPE
G,.JBIG2,.JB2,.eps]
(grfext)             \AppendGraphicsExtensions on input line 452.

(/usr/share/texlive/texmf-dist/tex/latex/latexconfig/epstopdf-sys.cfg
File: epstopdf-sys.cfg 2010/07/13 v1.3 Configuration of (r)epstopdf for TeX Liv
e
))
[1

\openout4 = `main.ist'.

{/var/lib/texmf/fonts/map/pdftex/updmap/pdftex.map}] [2] (./main.toc
LaTeX Font Info:    Try loading font information for U+msa on input line 2.

(/usr/share/texlive/texmf-dist/tex/latex/amsfonts/umsa.fd
File: umsa.fd 2013/01/14 v3.01 AMS symbols A
)
LaTeX Font Info:    Try loading font information for U+msb on input line 2.

(/usr/share/texlive/texmf-dist/tex/latex/amsfonts/umsb.fd
File: umsb.fd 2013/01/14 v3.01 AMS symbols B
) [3

])
\tf@toc=\write7
\openout7 = `main.toc'.

 [4] (./main.lof)
\tf@lof=\write8
\openout8 = `main.lof'.

 [5

] [6] (./main.lot)
\tf@lot=\write9
\openout9 = `main.lot'.

 [7

]
No file main.acr.
[8]
Chapter 1.
[1

]
Chapter 2.

LaTeX Warning: Citation `littman1996algorithms' on page 2 undefined on input li
ne 203.


LaTeX Warning: Citation `wiering2012reinforcement' on page 2 undefined on input
 line 206.

LaTeX Font Info:    Try loading font information for OMS+cmr on input line 208.

(/usr/share/texlive/texmf-dist/tex/latex/base/omscmr.fd
File: omscmr.fd 1999/05/25 v2.5h Standard LaTeX font definitions
)
LaTeX Font Info:    Font shape `OMS/cmr/m/n' in size <12> not available
(Font)              Font shape `OMS/cmsy/m/n' tried instead on input line 208.
 [2

] [3]

LaTeX Warning: Citation `puterman2014markov' on page 4 undefined on input line 
230.

[4]
Chapter 3.
[5

]
Chapter 4.

LaTeX Warning: Citation `cutler2014reinforcement' on page 6 undefined on input 
line 286.

Package epstopdf Info: Source file: <images/mf.eps>
(epstopdf)                    date: 2017-05-15 22:21:52
(epstopdf)                    size: 7310017 bytes
(epstopdf)             Output file: <images/mf-eps-converted-to.pdf>
(epstopdf)             Command: <repstopdf --outfile=images/mf-eps-converted-to
.pdf images/mf.eps>
(epstopdf)             \includegraphics on input line 290.
runsystem(repstopdf --outfile=images/mf-eps-converted-to.pdf images/mf.eps)...e
xecuted safely (allowed).

Package epstopdf Info: Result file: <images/mf-eps-converted-to.pdf>
(epstopdf)                    date: 2017-05-16 08:20:54
(epstopdf)                    size: 190512 bytes.
<images/mf-eps-converted-to.pdf, id=50, 580.1675pt x 144.54pt>
File: images/mf-eps-converted-to.pdf Graphic file (type pdf)

<use images/mf-eps-converted-to.pdf>
Package pdftex.def Info: images/mf-eps-converted-to.pdf used on input line 290.

(pdftex.def)             Requested size: 469.75499pt x 117.03262pt.


LaTeX Warning: Citation `taylor2007transfer' on page 6 undefined on input line 
295.


LaTeX Warning: Citation `li2011knows' on page 6 undefined on input line 297.

[6

]

LaTeX Warning: Citation `Dames2015' on page 7 undefined on input line 299.


LaTeX Warning: Citation `rasmussen2003gaussian' on page 7 undefined on input li
ne 299.


LaTeX Warning: Citation `deisenroth2010efficient' on page 7 undefined on input 
line 299.


LaTeX Warning: Citation `engel2005reinforcement' on page 7 undefined on input l
ine 299.


LaTeX Warning: Citation `puterman2014markov' on page 7 undefined on input line 
303.


LaTeX Warning: Citation `brafman2002r' on page 7 undefined on input line 307.


LaTeX Warning: Citation `kearns2002near' on page 7 undefined on input line 307.



LaTeX Warning: Citation `sutton1998reinforcement' on page 7 undefined on input 
line 307.


LaTeX Warning: Citation `strehl2006pac' on page 7 undefined on input line 307.

[7 <./images/mf-eps-converted-to.pdf>]

LaTeX Warning: Citation `rasmussen2003gaussian' on page 8 undefined on input li
ne 309.

Package epstopdf Info: Source file: <images/gp-mfrl.eps>
(epstopdf)                    date: 2017-05-15 22:21:50
(epstopdf)                    size: 85212 bytes
(epstopdf)             Output file: <images/gp-mfrl-eps-converted-to.pdf>
(epstopdf)             Command: <repstopdf --outfile=images/gp-mfrl-eps-convert
ed-to.pdf images/gp-mfrl.eps>
(epstopdf)             \includegraphics on input line 313.
runsystem(repstopdf --outfile=images/gp-mfrl-eps-converted-to.pdf images/gp-mfr
l.eps)...executed safely (allowed).

Package epstopdf Info: Result file: <images/gp-mfrl-eps-converted-to.pdf>
(epstopdf)                    date: 2017-05-16 08:20:54
(epstopdf)                    size: 24678 bytes.
<images/gp-mfrl-eps-converted-to.pdf, id=70, 598.235pt x 478.78876pt>
File: images/gp-mfrl-eps-converted-to.pdf Graphic file (type pdf)

<use images/gp-mfrl-eps-converted-to.pdf>
Package pdftex.def Info: images/gp-mfrl-eps-converted-to.pdf used on input line
 313.
(pdftex.def)             Requested size: 469.75499pt x 375.96689pt.
 [8 <./images/gp-mfrl-eps-converted-to.pdf>] [9]

LaTeX Warning: Citation `abbeel2006using' on page 10 undefined on input line 35
1.


LaTeX Warning: Citation `taylor2007transfer' on page 10 undefined on input line
 351.


LaTeX Warning: Citation `cutler2014reinforcement' on page 10 undefined on input
 line 351.


LaTeX Warning: Citation `sutton1998reinforcement' on page 10 undefined on input
 line 354.

[10]

LaTeX Warning: Float too large for page by 136.42699pt on input line 430.


LaTeX Warning: Citation `koenig2004design' on page 11 undefined on input line 4
35.


LaTeX Warning: Citation `quigley2009ros' on page 11 undefined on input line 435
.


LaTeX Warning: Citation `scikit-learn' on page 11 undefined on input line 437.

Package epstopdf Info: Source file: <images/env.eps>
(epstopdf)                    date: 2017-05-15 22:21:50
(epstopdf)                    size: 550429 bytes
(epstopdf)             Output file: <images/env-eps-converted-to.pdf>
(epstopdf)             Command: <repstopdf --outfile=images/env-eps-converted-t
o.pdf images/env.eps>
(epstopdf)             \includegraphics on input line 441.
runsystem(repstopdf --outfile=images/env-eps-converted-to.pdf images/env.eps)..
.executed safely (allowed).

Package epstopdf Info: Result file: <images/env-eps-converted-to.pdf>
(epstopdf)                    date: 2017-05-16 08:20:55
(epstopdf)                    size: 103364 bytes.
<images/env-eps-converted-to.pdf, id=106, 595.22375pt x 252.945pt>
File: images/env-eps-converted-to.pdf Graphic file (type pdf)

<use images/env-eps-converted-to.pdf>
Package pdftex.def Info: images/env-eps-converted-to.pdf used on input line 441
.
(pdftex.def)             Requested size: 469.75499pt x 199.62366pt.
Package epstopdf Info: Source file: <images/epoch.eps>
(epstopdf)                    date: 2017-05-15 22:21:50
(epstopdf)                    size: 15366 bytes
(epstopdf)             Output file: <images/epoch-eps-converted-to.pdf>
(epstopdf)             Command: <repstopdf --outfile=images/epoch-eps-converted
-to.pdf images/epoch.eps>
(epstopdf)             \includegraphics on input line 449.
runsystem(repstopdf --outfile=images/epoch-eps-converted-to.pdf images/epoch.ep
s)...executed safely (allowed).

Package epstopdf Info: Result file: <images/epoch-eps-converted-to.pdf>
(epstopdf)                    date: 2017-05-16 08:20:55
(epstopdf)                    size: 6136 bytes.

<images/epoch-eps-converted-to.pdf, id=107, 593.21625pt x 524.96124pt>
File: images/epoch-eps-converted-to.pdf Graphic file (type pdf)

<use images/epoch-eps-converted-to.pdf>
Package pdftex.def Info: images/epoch-eps-converted-to.pdf used on input line 4
49.
(pdftex.def)             Requested size: 170.71652pt x 151.07336pt.
 [11 <./images/env-eps-converted-to.pdf>] [12]
Package epstopdf Info: Source file: <images/heat_init_same.eps>
(epstopdf)                    date: 2017-05-15 22:21:50
(epstopdf)                    size: 21355 bytes
(epstopdf)             Output file: <images/heat_init_same-eps-converted-to.pdf
>
(epstopdf)             Command: <repstopdf --outfile=images/heat_init_same-eps-
converted-to.pdf images/heat_init_same.eps>
(epstopdf)             \includegraphics on input line 463.
runsystem(repstopdf --outfile=images/heat_init_same-eps-converted-to.pdf images
/heat_init_same.eps)...executed safely (allowed).

Package epstopdf Info: Result file: <images/heat_init_same-eps-converted-to.pdf
>
(epstopdf)                    date: 2017-05-16 08:20:56
(epstopdf)                    size: 23470 bytes.

<images/heat_init_same-eps-converted-to.pdf, id=125, 513.92pt x 423.5825pt>
File: images/heat_init_same-eps-converted-to.pdf Graphic file (type pdf)

<use images/heat_init_same-eps-converted-to.pdf>
Package pdftex.def Info: images/heat_init_same-eps-converted-to.pdf used on inp
ut line 463.
(pdftex.def)             Requested size: 113.81102pt x 93.80244pt.
Package epstopdf Info: Source file: <images/heat_same.eps>
(epstopdf)                    date: 2017-05-15 22:21:50
(epstopdf)                    size: 24054 bytes
(epstopdf)             Output file: <images/heat_same-eps-converted-to.pdf>
(epstopdf)             Command: <repstopdf --outfile=images/heat_same-eps-conve
rted-to.pdf images/heat_same.eps>
(epstopdf)             \includegraphics on input line 464.
runsystem(repstopdf --outfile=images/heat_same-eps-converted-to.pdf images/heat
_same.eps)...executed safely (allowed).

Package epstopdf Info: Result file: <images/heat_same-eps-converted-to.pdf>
(epstopdf)                    date: 2017-05-16 08:20:56
(epstopdf)                    size: 25220 bytes.

<images/heat_same-eps-converted-to.pdf, id=126, 518.93875pt x 422.57875pt>
File: images/heat_same-eps-converted-to.pdf Graphic file (type pdf)

<use images/heat_same-eps-converted-to.pdf>
Package pdftex.def Info: images/heat_same-eps-converted-to.pdf used on input li
ne 464.
(pdftex.def)             Requested size: 113.81102pt x 92.67744pt.
Package epstopdf Info: Source file: <images/heat_init_opposite.eps>
(epstopdf)                    date: 2017-05-15 22:21:50
(epstopdf)                    size: 21629 bytes
(epstopdf)             Output file: <images/heat_init_opposite-eps-converted-to
.pdf>
(epstopdf)             Command: <repstopdf --outfile=images/heat_init_opposite-
eps-converted-to.pdf images/heat_init_opposite.eps>
(epstopdf)             \includegraphics on input line 471.
runsystem(repstopdf --outfile=images/heat_init_opposite-eps-converted-to.pdf im
ages/heat_init_opposite.eps)...executed safely (allowed).

Package epstopdf Info: Result file: <images/heat_init_opposite-eps-converted-to
.pdf>
(epstopdf)                    date: 2017-05-16 08:20:56
(epstopdf)                    size: 23411 bytes.

<images/heat_init_opposite-eps-converted-to.pdf, id=127, 508.90125pt x 423.5825
pt>
File: images/heat_init_opposite-eps-converted-to.pdf Graphic file (type pdf)
 <use images/heat_init_opposite-eps-converted-to.pdf>
Package pdftex.def Info: images/heat_init_opposite-eps-converted-to.pdf used on
 input line 471.
(pdftex.def)             Requested size: 113.81102pt x 94.7267pt.
Package epstopdf Info: Source file: <images/heat_opposite.eps>
(epstopdf)                    date: 2017-05-15 22:21:50
(epstopdf)                    size: 25740 bytes
(epstopdf)             Output file: <images/heat_opposite-eps-converted-to.pdf>

(epstopdf)             Command: <repstopdf --outfile=images/heat_opposite-eps-c
onverted-to.pdf images/heat_opposite.eps>
(epstopdf)             \includegraphics on input line 472.
runsystem(repstopdf --outfile=images/heat_opposite-eps-converted-to.pdf images/
heat_opposite.eps)...executed safely (allowed).

Package epstopdf Info: Result file: <images/heat_opposite-eps-converted-to.pdf>

(epstopdf)                    date: 2017-05-16 08:20:57
(epstopdf)                    size: 75576 bytes.

<images/heat_opposite-eps-converted-to.pdf, id=128, 517.935pt x 426.59375pt>
File: images/heat_opposite-eps-converted-to.pdf Graphic file (type pdf)

<use images/heat_opposite-eps-converted-to.pdf>
Package pdftex.def Info: images/heat_opposite-eps-converted-to.pdf used on inpu
t line 472.
(pdftex.def)             Requested size: 113.81102pt x 93.74025pt.
Package epstopdf Info: Source file: <images/heatmap_new.eps>
(epstopdf)                    date: 2017-05-15 22:28:54
(epstopdf)                    size: 20779 bytes
(epstopdf)             Output file: <images/heatmap_new-eps-converted-to.pdf>
(epstopdf)             Command: <repstopdf --outfile=images/heatmap_new-eps-con
verted-to.pdf images/heatmap_new.eps>
(epstopdf)             \includegraphics on input line 480.
runsystem(repstopdf --outfile=images/heatmap_new-eps-converted-to.pdf images/he
atmap_new.eps)...executed safely (allowed).

Package epstopdf Info: Result file: <images/heatmap_new-eps-converted-to.pdf>
(epstopdf)                    date: 2017-05-16 08:20:57
(epstopdf)                    size: 22108 bytes.

<images/heatmap_new-eps-converted-to.pdf, id=129, 476.78125pt x 426.59375pt>
File: images/heatmap_new-eps-converted-to.pdf Graphic file (type pdf)

<use images/heatmap_new-eps-converted-to.pdf>
Package pdftex.def Info: images/heatmap_new-eps-converted-to.pdf used on input 
line 480.
(pdftex.def)             Requested size: 170.71652pt x 152.74695pt.
 [13 <./images/epoch-eps-converted-to.pdf> <./images/heat_init_same-eps-convert
ed-to.pdf> <./images/heat_same-eps-converted-to.pdf>] [14 <./images/heat_init_o
pposite-eps-converted-to.pdf> <./images/heat_opposite-eps-converted-to.pdf> <./
images/heatmap_new-eps-converted-to.pdf>]
Package epstopdf Info: Source file: <images/ratio.eps>
(epstopdf)                    date: 2017-05-15 22:21:50
(epstopdf)                    size: 20680 bytes
(epstopdf)             Output file: <images/ratio-eps-converted-to.pdf>
(epstopdf)             Command: <repstopdf --outfile=images/ratio-eps-converted
-to.pdf images/ratio.eps>
(epstopdf)             \includegraphics on input line 495.
runsystem(repstopdf --outfile=images/ratio-eps-converted-to.pdf images/ratio.ep
s)...executed safely (allowed).

Package epstopdf Info: Result file: <images/ratio-eps-converted-to.pdf>
(epstopdf)                    date: 2017-05-16 08:20:57
(epstopdf)                    size: 7076 bytes.
 <images/ratio-eps-converted-to.pdf, id=157, 896.34875pt x 554.07pt>
File: images/ratio-eps-converted-to.pdf Graphic file (type pdf)

<use images/ratio-eps-converted-to.pdf>
Package pdftex.def Info: images/ratio-eps-converted-to.pdf used on input line 4
95.
(pdftex.def)             Requested size: 227.62204pt x 140.6984pt.
Package epstopdf Info: Source file: <images/samples_gathered_.eps>
(epstopdf)                    date: 2017-05-15 22:21:50
(epstopdf)                    size: 26715 bytes
(epstopdf)             Output file: <images/samples_gathered_-eps-converted-to.
pdf>
(epstopdf)             Command: <repstopdf --outfile=images/samples_gathered_-e
ps-converted-to.pdf images/samples_gathered_.eps>
(epstopdf)             \includegraphics on input line 502.
runsystem(repstopdf --outfile=images/samples_gathered_-eps-converted-to.pdf ima
ges/samples_gathered_.eps)...executed safely (allowed).

Package epstopdf Info: Result file: <images/samples_gathered_-eps-converted-to.
pdf>
(epstopdf)                    date: 2017-05-16 08:20:57
(epstopdf)                    size: 8109 bytes.

<images/samples_gathered_-eps-converted-to.pdf, id=158, 764.8575pt x 654.445pt>
File: images/samples_gathered_-eps-converted-to.pdf Graphic file (type pdf)
<use images/samples_gathered_-eps-converted-to.pdf>
Package pdftex.def Info: images/samples_gathered_-eps-converted-to.pdf used on 
input line 502.
(pdftex.def)             Requested size: 227.62204pt x 194.75722pt.
 [15 <./images/ratio-eps-converted-to.pdf> <./images/samples_gathered_-eps-conv
erted-to.pdf>]
Package epstopdf Info: Source file: <images/thre.eps>
(epstopdf)                    date: 2017-05-15 22:21:50
(epstopdf)                    size: 35582 bytes
(epstopdf)             Output file: <images/thre-eps-converted-to.pdf>
(epstopdf)             Command: <repstopdf --outfile=images/thre-eps-converted-
to.pdf images/thre.eps>
(epstopdf)             \includegraphics on input line 512.
runsystem(repstopdf --outfile=images/thre-eps-converted-to.pdf images/thre.eps)
...executed safely (allowed).

Package epstopdf Info: Result file: <images/thre-eps-converted-to.pdf>
(epstopdf)                    date: 2017-05-16 08:20:58
(epstopdf)                    size: 10778 bytes.

<images/thre-eps-converted-to.pdf, id=172, 682.55pt x 572.1375pt>
File: images/thre-eps-converted-to.pdf Graphic file (type pdf)

<use images/thre-eps-converted-to.pdf>
Package pdftex.def Info: images/thre-eps-converted-to.pdf used on input line 51
2.
(pdftex.def)             Requested size: 227.62204pt x 190.79642pt.


LaTeX Warning: Citation `cutler2014reinforcement' on page 16 undefined on input
 line 518.


LaTeX Warning: Citation `cutler2014reinforcement' on page 16 undefined on input
 line 518.

Package epstopdf Info: Source file: <images/reward.eps>
(epstopdf)                    date: 2017-05-15 22:21:50
(epstopdf)                    size: 20267 bytes
(epstopdf)             Output file: <images/reward-eps-converted-to.pdf>
(epstopdf)             Command: <repstopdf --outfile=images/reward-eps-converte
d-to.pdf images/reward.eps>
(epstopdf)             \includegraphics on input line 521.
runsystem(repstopdf --outfile=images/reward-eps-converted-to.pdf images/reward.
eps)...executed safely (allowed).

Package epstopdf Info: Result file: <images/reward-eps-converted-to.pdf>
(epstopdf)                    date: 2017-05-16 08:20:58
(epstopdf)                    size: 8145 bytes.
<images/reward-eps-converted-to.pdf, id=173, 1396.21625pt x 705.63625pt>
File: images/reward-eps-converted-to.pdf Graphic file (type pdf)

<use images/reward-eps-converted-to.pdf>
Package pdftex.def Info: images/reward-eps-converted-to.pdf used on input line 
521.
(pdftex.def)             Requested size: 227.62204pt x 115.036pt.
 [16 <./images/thre-eps-converted-to.pdf>] [17 <./images/reward-eps-converted-t
o.pdf>]
Chapter 5.
Excluding 'comment' comment.
No file main.bbl.
[18

] (./main.aux)

LaTeX Warning: There were undefined references.


LaTeX Warning: Label(s) may have changed. Rerun to get cross-references right.

 )
(\end occurred inside a group at level 1)

### simple group (level 1) entered at line 1061 ({)
### bottom level 
Here is how much of TeX's memory you used:
 7792 strings out of 494985
 112479 string characters out of 6180356
 236457 words of memory out of 5000000
 10795 multiletter control sequences out of 15000+600000
 12935 words of font info for 48 fonts, out of 8000000 for 9000
 36 hyphenation exceptions out of 8191
 46i,21n,38p,1718b,5538s stack positions out of 5000i,500n,10000p,200000b,80000s
</usr/share/texlive/texmf-dist/fonts/type1/public/amsfonts/cm/c
mbx12.pfb></usr/share/texlive/texmf-dist/fonts/type1/public/amsfonts/cm/cmbx8.p
fb></usr/share/texlive/texmf-dist/fonts/type1/public/amsfonts/cm/cmex10.pfb></u
sr/share/texlive/texmf-dist/fonts/type1/public/amsfonts/cm/cmmi12.pfb></usr/sha
re/texlive/texmf-dist/fonts/type1/public/amsfonts/cm/cmmi8.pfb></usr/share/texl
ive/texmf-dist/fonts/type1/public/amsfonts/cm/cmr10.pfb></usr/share/texlive/tex
mf-dist/fonts/type1/public/amsfonts/cm/cmr12.pfb></usr/share/texlive/texmf-dist
/fonts/type1/public/amsfonts/cm/cmr17.pfb></usr/share/texlive/texmf-dist/fonts/
type1/public/amsfonts/cm/cmr8.pfb></usr/share/texlive/texmf-dist/fonts/type1/pu
blic/amsfonts/cm/cmsy10.pfb></usr/share/texlive/texmf-dist/fonts/type1/public/a
msfonts/cm/cmsy6.pfb></usr/share/texlive/texmf-dist/fonts/type1/public/amsfonts
/cm/cmsy8.pfb></usr/share/texlive/texmf-dist/fonts/type1/public/amsfonts/cm/cmt
i12.pfb></usr/share/texlive/texmf-dist/fonts/type1/public/amsfonts/cm/cmtt12.pf
b></usr/share/texlive/texmf-dist/fonts/type1/public/amsfonts/symbols/msbm10.pfb
>
Output written on main.pdf (26 pages, 695018 bytes).
PDF statistics:
 243 PDF objects out of 1000 (max. 8388607)
 156 compressed objects within 2 object streams
 0 named destinations out of 1000 (max. 500000)
 66 words of extra memory for PDF output out of 10000 (max. 10000000)

